2023-08-01T17:45:43.5989037-05:00 [Thread:24] [WRN] (Microsoft.AspNetCore.Components.Server.Circuits.RemoteRenderer) Unhandled exception rendering component: "'<' is an invalid start of a value. Path: $ | LineNumber: 1 | BytePositionInLine: 0."
System.Text.Json.JsonException: '<' is an invalid start of a value. Path: $ | LineNumber: 1 | BytePositionInLine: 0.
 ---> System.Text.Json.JsonReaderException: '<' is an invalid start of a value. LineNumber: 1 | BytePositionInLine: 0.
   at System.Text.Json.ThrowHelper.ThrowJsonReaderException(Utf8JsonReader& json, ExceptionResource resource, Byte nextByte, ReadOnlySpan`1 bytes)
   at System.Text.Json.Utf8JsonReader.ConsumeValue(Byte marker)
   at System.Text.Json.Utf8JsonReader.ReadFirstToken(Byte first)
   at System.Text.Json.Utf8JsonReader.ReadSingleSegment()
   at System.Text.Json.Utf8JsonReader.Read()
   at System.Text.Json.Serialization.JsonConverter`1.ReadCore(Utf8JsonReader& reader, JsonSerializerOptions options, ReadStack& state)
   --- End of inner exception stack trace ---
   at System.Text.Json.ThrowHelper.ReThrowWithPath(ReadStack& state, JsonReaderException ex)
   at System.Text.Json.Serialization.JsonConverter`1.ReadCore(Utf8JsonReader& reader, JsonSerializerOptions options, ReadStack& state)
   at System.Text.Json.JsonSerializer.ContinueDeserialize[TValue](ReadBufferState& bufferState, JsonReaderState& jsonReaderState, ReadStack& readStack, JsonTypeInfo jsonTypeInfo)
   at System.Text.Json.JsonSerializer.ReadFromStreamAsync[TValue](Stream utf8Json, JsonTypeInfo jsonTypeInfo, CancellationToken cancellationToken)
   at DevExpress.Blazor.GridDevExtremeDataSource`1.HttpHelper.LoadAsync(Func`3 httpRequestFunc, Uri url, DataSourceLoadOptionsBase loadOptions, CancellationToken cancellationToken)
   at DevExpress.Blazor.GridDevExtremeDataSource`1.LoadAsync(DataSourceLoadOptionsBase loadOptions, CancellationToken cancellationToken)
   at DevExpress.Blazor.GridDevExtremeDataSource`1.GetItemCountAsync(GridCustomDataSourceCountOptions options, CancellationToken cancellationToken)
   at DevExpress.Blazor.Internal.GridCustomDataProviderDataShapingCommand.LoadCountAsync(CancellationToken cancellationToken)
   at DevExpress.Blazor.Internal.GridCustomDataProviderDataShapingCommand.ExecuteCoreAsync(CancellationToken cancellationToken)
   at DevExpress.Blazor.Internal.GridCustomDataProviderCommandBase.Execute(Action`1 managerCompletedCallback)
   at DevExpress.Blazor.DxGrid.ThrowCaughtAsyncException()
   at DevExpress.Blazor.DxGrid.BuildRenderTree(RenderTreeBuilder __builder)
   at Microsoft.AspNetCore.Components.Rendering.ComponentState.RenderIntoBatch(RenderBatchBuilder batchBuilder, RenderFragment renderFragment, Exception& renderFragmentException)
2023-08-01T17:45:43.6559335-05:00 [Thread:24] [ERR] (Microsoft.AspNetCore.Components.Server.Circuits.CircuitHost) Unhandled exception in circuit '"uBjbQNHw3NKDv__N3WcLRskOIyGmX32TRETGvUprMi4"'.
System.Text.Json.JsonException: '<' is an invalid start of a value. Path: $ | LineNumber: 1 | BytePositionInLine: 0.
 ---> System.Text.Json.JsonReaderException: '<' is an invalid start of a value. LineNumber: 1 | BytePositionInLine: 0.
   at System.Text.Json.ThrowHelper.ThrowJsonReaderException(Utf8JsonReader& json, ExceptionResource resource, Byte nextByte, ReadOnlySpan`1 bytes)
   at System.Text.Json.Utf8JsonReader.ConsumeValue(Byte marker)
   at System.Text.Json.Utf8JsonReader.ReadFirstToken(Byte first)
   at System.Text.Json.Utf8JsonReader.ReadSingleSegment()
   at System.Text.Json.Utf8JsonReader.Read()
   at System.Text.Json.Serialization.JsonConverter`1.ReadCore(Utf8JsonReader& reader, JsonSerializerOptions options, ReadStack& state)
   --- End of inner exception stack trace ---
   at System.Text.Json.ThrowHelper.ReThrowWithPath(ReadStack& state, JsonReaderException ex)
   at System.Text.Json.Serialization.JsonConverter`1.ReadCore(Utf8JsonReader& reader, JsonSerializerOptions options, ReadStack& state)
   at System.Text.Json.JsonSerializer.ContinueDeserialize[TValue](ReadBufferState& bufferState, JsonReaderState& jsonReaderState, ReadStack& readStack, JsonTypeInfo jsonTypeInfo)
   at System.Text.Json.JsonSerializer.ReadFromStreamAsync[TValue](Stream utf8Json, JsonTypeInfo jsonTypeInfo, CancellationToken cancellationToken)
   at DevExpress.Blazor.GridDevExtremeDataSource`1.HttpHelper.LoadAsync(Func`3 httpRequestFunc, Uri url, DataSourceLoadOptionsBase loadOptions, CancellationToken cancellationToken)
   at DevExpress.Blazor.GridDevExtremeDataSource`1.LoadAsync(DataSourceLoadOptionsBase loadOptions, CancellationToken cancellationToken)
   at DevExpress.Blazor.GridDevExtremeDataSource`1.GetItemCountAsync(GridCustomDataSourceCountOptions options, CancellationToken cancellationToken)
   at DevExpress.Blazor.Internal.GridCustomDataProviderDataShapingCommand.LoadCountAsync(CancellationToken cancellationToken)
   at DevExpress.Blazor.Internal.GridCustomDataProviderDataShapingCommand.ExecuteCoreAsync(CancellationToken cancellationToken)
   at DevExpress.Blazor.Internal.GridCustomDataProviderCommandBase.Execute(Action`1 managerCompletedCallback)
   at DevExpress.Blazor.DxGrid.ThrowCaughtAsyncException()
   at DevExpress.Blazor.DxGrid.BuildRenderTree(RenderTreeBuilder __builder)
   at Microsoft.AspNetCore.Components.Rendering.ComponentState.RenderIntoBatch(RenderBatchBuilder batchBuilder, RenderFragment renderFragment, Exception& renderFragmentException)
2023-08-01T17:45:43.6783259-05:00 [Thread:24] [WRN] (Microsoft.AspNetCore.Components.Server.Circuits.RemoteRenderer) Unhandled exception rendering component: "Cannot access a disposed object."
System.ObjectDisposedException: Cannot access a disposed object.
   at Microsoft.AspNetCore.Components.RenderTree.ArrayBuilder`1.GrowBuffer(Int32 desiredCapacity)
   at Microsoft.AspNetCore.Components.Rendering.ComponentState.RenderIntoBatch(RenderBatchBuilder batchBuilder, RenderFragment renderFragment, Exception& renderFragmentException)
   at Microsoft.AspNetCore.Components.RenderTree.Renderer.ProcessRenderQueue()
2023-08-01T17:45:43.6800883-05:00 [Thread:24] [ERR] (Microsoft.AspNetCore.Components.Server.Circuits.CircuitHost) Unhandled exception in circuit '"uBjbQNHw3NKDv__N3WcLRskOIyGmX32TRETGvUprMi4"'.
System.ObjectDisposedException: Cannot access a disposed object.
   at Microsoft.AspNetCore.Components.RenderTree.ArrayBuilder`1.GrowBuffer(Int32 desiredCapacity)
   at Microsoft.AspNetCore.Components.Rendering.ComponentState.RenderIntoBatch(RenderBatchBuilder batchBuilder, RenderFragment renderFragment, Exception& renderFragmentException)
   at Microsoft.AspNetCore.Components.RenderTree.Renderer.ProcessRenderQueue()
2023-08-01T17:49:12.5299299-05:00 [Thread:20] [WRN] (Microsoft.AspNetCore.Components.Server.Circuits.RemoteRenderer) Unhandled exception rendering component: "'<' is an invalid start of a value. Path: $ | LineNumber: 1 | BytePositionInLine: 0."
System.Text.Json.JsonException: '<' is an invalid start of a value. Path: $ | LineNumber: 1 | BytePositionInLine: 0.
 ---> System.Text.Json.JsonReaderException: '<' is an invalid start of a value. LineNumber: 1 | BytePositionInLine: 0.
   at System.Text.Json.ThrowHelper.ThrowJsonReaderException(Utf8JsonReader& json, ExceptionResource resource, Byte nextByte, ReadOnlySpan`1 bytes)
   at System.Text.Json.Utf8JsonReader.ConsumeValue(Byte marker)
   at System.Text.Json.Utf8JsonReader.ReadFirstToken(Byte first)
   at System.Text.Json.Utf8JsonReader.ReadSingleSegment()
   at System.Text.Json.Utf8JsonReader.Read()
   at System.Text.Json.Serialization.JsonConverter`1.ReadCore(Utf8JsonReader& reader, JsonSerializerOptions options, ReadStack& state)
   --- End of inner exception stack trace ---
   at System.Text.Json.ThrowHelper.ReThrowWithPath(ReadStack& state, JsonReaderException ex)
   at System.Text.Json.Serialization.JsonConverter`1.ReadCore(Utf8JsonReader& reader, JsonSerializerOptions options, ReadStack& state)
   at System.Text.Json.JsonSerializer.ContinueDeserialize[TValue](ReadBufferState& bufferState, JsonReaderState& jsonReaderState, ReadStack& readStack, JsonTypeInfo jsonTypeInfo)
   at System.Text.Json.JsonSerializer.ReadFromStreamAsync[TValue](Stream utf8Json, JsonTypeInfo jsonTypeInfo, CancellationToken cancellationToken)
   at DevExpress.Blazor.GridDevExtremeDataSource`1.HttpHelper.LoadAsync(Func`3 httpRequestFunc, Uri url, DataSourceLoadOptionsBase loadOptions, CancellationToken cancellationToken)
   at DevExpress.Blazor.GridDevExtremeDataSource`1.LoadAsync(DataSourceLoadOptionsBase loadOptions, CancellationToken cancellationToken)
   at DevExpress.Blazor.GridDevExtremeDataSource`1.GetItemCountAsync(GridCustomDataSourceCountOptions options, CancellationToken cancellationToken)
   at DevExpress.Blazor.Internal.GridCustomDataProviderDataShapingCommand.LoadCountAsync(CancellationToken cancellationToken)
   at DevExpress.Blazor.Internal.GridCustomDataProviderDataShapingCommand.ExecuteCoreAsync(CancellationToken cancellationToken)
   at DevExpress.Blazor.Internal.GridCustomDataProviderCommandBase.Execute(Action`1 managerCompletedCallback)
   at DevExpress.Blazor.DxGrid.ThrowCaughtAsyncException()
   at DevExpress.Blazor.DxGrid.BuildRenderTree(RenderTreeBuilder __builder)
   at Microsoft.AspNetCore.Components.Rendering.ComponentState.RenderIntoBatch(RenderBatchBuilder batchBuilder, RenderFragment renderFragment, Exception& renderFragmentException)
2023-08-01T17:49:12.5692432-05:00 [Thread:20] [ERR] (Microsoft.AspNetCore.Components.Server.Circuits.CircuitHost) Unhandled exception in circuit '"s5TDYHHC7Iu-qFry6yOWmDVX1XWRONpJN2pWqnRT3a0"'.
System.Text.Json.JsonException: '<' is an invalid start of a value. Path: $ | LineNumber: 1 | BytePositionInLine: 0.
 ---> System.Text.Json.JsonReaderException: '<' is an invalid start of a value. LineNumber: 1 | BytePositionInLine: 0.
   at System.Text.Json.ThrowHelper.ThrowJsonReaderException(Utf8JsonReader& json, ExceptionResource resource, Byte nextByte, ReadOnlySpan`1 bytes)
   at System.Text.Json.Utf8JsonReader.ConsumeValue(Byte marker)
   at System.Text.Json.Utf8JsonReader.ReadFirstToken(Byte first)
   at System.Text.Json.Utf8JsonReader.ReadSingleSegment()
   at System.Text.Json.Utf8JsonReader.Read()
   at System.Text.Json.Serialization.JsonConverter`1.ReadCore(Utf8JsonReader& reader, JsonSerializerOptions options, ReadStack& state)
   --- End of inner exception stack trace ---
   at System.Text.Json.ThrowHelper.ReThrowWithPath(ReadStack& state, JsonReaderException ex)
   at System.Text.Json.Serialization.JsonConverter`1.ReadCore(Utf8JsonReader& reader, JsonSerializerOptions options, ReadStack& state)
   at System.Text.Json.JsonSerializer.ContinueDeserialize[TValue](ReadBufferState& bufferState, JsonReaderState& jsonReaderState, ReadStack& readStack, JsonTypeInfo jsonTypeInfo)
   at System.Text.Json.JsonSerializer.ReadFromStreamAsync[TValue](Stream utf8Json, JsonTypeInfo jsonTypeInfo, CancellationToken cancellationToken)
   at DevExpress.Blazor.GridDevExtremeDataSource`1.HttpHelper.LoadAsync(Func`3 httpRequestFunc, Uri url, DataSourceLoadOptionsBase loadOptions, CancellationToken cancellationToken)
   at DevExpress.Blazor.GridDevExtremeDataSource`1.LoadAsync(DataSourceLoadOptionsBase loadOptions, CancellationToken cancellationToken)
   at DevExpress.Blazor.GridDevExtremeDataSource`1.GetItemCountAsync(GridCustomDataSourceCountOptions options, CancellationToken cancellationToken)
   at DevExpress.Blazor.Internal.GridCustomDataProviderDataShapingCommand.LoadCountAsync(CancellationToken cancellationToken)
   at DevExpress.Blazor.Internal.GridCustomDataProviderDataShapingCommand.ExecuteCoreAsync(CancellationToken cancellationToken)
   at DevExpress.Blazor.Internal.GridCustomDataProviderCommandBase.Execute(Action`1 managerCompletedCallback)
   at DevExpress.Blazor.DxGrid.ThrowCaughtAsyncException()
   at DevExpress.Blazor.DxGrid.BuildRenderTree(RenderTreeBuilder __builder)
   at Microsoft.AspNetCore.Components.Rendering.ComponentState.RenderIntoBatch(RenderBatchBuilder batchBuilder, RenderFragment renderFragment, Exception& renderFragmentException)
2023-08-01T17:49:12.5904834-05:00 [Thread:20] [WRN] (Microsoft.AspNetCore.Components.Server.Circuits.RemoteRenderer) Unhandled exception rendering component: "Cannot access a disposed object."
System.ObjectDisposedException: Cannot access a disposed object.
   at Microsoft.AspNetCore.Components.RenderTree.ArrayBuilder`1.GrowBuffer(Int32 desiredCapacity)
   at Microsoft.AspNetCore.Components.Rendering.ComponentState.RenderIntoBatch(RenderBatchBuilder batchBuilder, RenderFragment renderFragment, Exception& renderFragmentException)
   at Microsoft.AspNetCore.Components.RenderTree.Renderer.ProcessRenderQueue()
2023-08-01T17:49:12.5925176-05:00 [Thread:20] [ERR] (Microsoft.AspNetCore.Components.Server.Circuits.CircuitHost) Unhandled exception in circuit '"s5TDYHHC7Iu-qFry6yOWmDVX1XWRONpJN2pWqnRT3a0"'.
System.ObjectDisposedException: Cannot access a disposed object.
   at Microsoft.AspNetCore.Components.RenderTree.ArrayBuilder`1.GrowBuffer(Int32 desiredCapacity)
   at Microsoft.AspNetCore.Components.Rendering.ComponentState.RenderIntoBatch(RenderBatchBuilder batchBuilder, RenderFragment renderFragment, Exception& renderFragmentException)
   at Microsoft.AspNetCore.Components.RenderTree.Renderer.ProcessRenderQueue()
2023-08-01T17:52:20.4762013-05:00 [Thread:20] [WRN] (Microsoft.AspNetCore.Components.Server.Circuits.RemoteRenderer) Unhandled exception rendering component: "'<' is an invalid start of a value. Path: $ | LineNumber: 1 | BytePositionInLine: 0."
System.Text.Json.JsonException: '<' is an invalid start of a value. Path: $ | LineNumber: 1 | BytePositionInLine: 0.
 ---> System.Text.Json.JsonReaderException: '<' is an invalid start of a value. LineNumber: 1 | BytePositionInLine: 0.
   at System.Text.Json.ThrowHelper.ThrowJsonReaderException(Utf8JsonReader& json, ExceptionResource resource, Byte nextByte, ReadOnlySpan`1 bytes)
   at System.Text.Json.Utf8JsonReader.ConsumeValue(Byte marker)
   at System.Text.Json.Utf8JsonReader.ReadFirstToken(Byte first)
   at System.Text.Json.Utf8JsonReader.ReadSingleSegment()
   at System.Text.Json.Utf8JsonReader.Read()
   at System.Text.Json.Serialization.JsonConverter`1.ReadCore(Utf8JsonReader& reader, JsonSerializerOptions options, ReadStack& state)
   --- End of inner exception stack trace ---
   at System.Text.Json.ThrowHelper.ReThrowWithPath(ReadStack& state, JsonReaderException ex)
   at System.Text.Json.Serialization.JsonConverter`1.ReadCore(Utf8JsonReader& reader, JsonSerializerOptions options, ReadStack& state)
   at System.Text.Json.JsonSerializer.ContinueDeserialize[TValue](ReadBufferState& bufferState, JsonReaderState& jsonReaderState, ReadStack& readStack, JsonTypeInfo jsonTypeInfo)
   at System.Text.Json.JsonSerializer.ReadFromStreamAsync[TValue](Stream utf8Json, JsonTypeInfo jsonTypeInfo, CancellationToken cancellationToken)
   at DevExpress.Blazor.GridDevExtremeDataSource`1.HttpHelper.LoadAsync(Func`3 httpRequestFunc, Uri url, DataSourceLoadOptionsBase loadOptions, CancellationToken cancellationToken)
   at DevExpress.Blazor.GridDevExtremeDataSource`1.LoadAsync(DataSourceLoadOptionsBase loadOptions, CancellationToken cancellationToken)
   at DevExpress.Blazor.GridDevExtremeDataSource`1.GetItemCountAsync(GridCustomDataSourceCountOptions options, CancellationToken cancellationToken)
   at DevExpress.Blazor.Internal.GridCustomDataProviderDataShapingCommand.LoadCountAsync(CancellationToken cancellationToken)
   at DevExpress.Blazor.Internal.GridCustomDataProviderDataShapingCommand.ExecuteCoreAsync(CancellationToken cancellationToken)
   at DevExpress.Blazor.Internal.GridCustomDataProviderCommandBase.Execute(Action`1 managerCompletedCallback)
   at DevExpress.Blazor.DxGrid.ThrowCaughtAsyncException()
   at DevExpress.Blazor.DxGrid.BuildRenderTree(RenderTreeBuilder __builder)
   at Microsoft.AspNetCore.Components.Rendering.ComponentState.RenderIntoBatch(RenderBatchBuilder batchBuilder, RenderFragment renderFragment, Exception& renderFragmentException)
2023-08-01T17:52:20.5176147-05:00 [Thread:20] [ERR] (Microsoft.AspNetCore.Components.Server.Circuits.CircuitHost) Unhandled exception in circuit '"ZhbLznneasxsFfFFOJavFelS_SdL6WwhGoR87agdU48"'.
System.Text.Json.JsonException: '<' is an invalid start of a value. Path: $ | LineNumber: 1 | BytePositionInLine: 0.
 ---> System.Text.Json.JsonReaderException: '<' is an invalid start of a value. LineNumber: 1 | BytePositionInLine: 0.
   at System.Text.Json.ThrowHelper.ThrowJsonReaderException(Utf8JsonReader& json, ExceptionResource resource, Byte nextByte, ReadOnlySpan`1 bytes)
   at System.Text.Json.Utf8JsonReader.ConsumeValue(Byte marker)
   at System.Text.Json.Utf8JsonReader.ReadFirstToken(Byte first)
   at System.Text.Json.Utf8JsonReader.ReadSingleSegment()
   at System.Text.Json.Utf8JsonReader.Read()
   at System.Text.Json.Serialization.JsonConverter`1.ReadCore(Utf8JsonReader& reader, JsonSerializerOptions options, ReadStack& state)
   --- End of inner exception stack trace ---
   at System.Text.Json.ThrowHelper.ReThrowWithPath(ReadStack& state, JsonReaderException ex)
   at System.Text.Json.Serialization.JsonConverter`1.ReadCore(Utf8JsonReader& reader, JsonSerializerOptions options, ReadStack& state)
   at System.Text.Json.JsonSerializer.ContinueDeserialize[TValue](ReadBufferState& bufferState, JsonReaderState& jsonReaderState, ReadStack& readStack, JsonTypeInfo jsonTypeInfo)
   at System.Text.Json.JsonSerializer.ReadFromStreamAsync[TValue](Stream utf8Json, JsonTypeInfo jsonTypeInfo, CancellationToken cancellationToken)
   at DevExpress.Blazor.GridDevExtremeDataSource`1.HttpHelper.LoadAsync(Func`3 httpRequestFunc, Uri url, DataSourceLoadOptionsBase loadOptions, CancellationToken cancellationToken)
   at DevExpress.Blazor.GridDevExtremeDataSource`1.LoadAsync(DataSourceLoadOptionsBase loadOptions, CancellationToken cancellationToken)
   at DevExpress.Blazor.GridDevExtremeDataSource`1.GetItemCountAsync(GridCustomDataSourceCountOptions options, CancellationToken cancellationToken)
   at DevExpress.Blazor.Internal.GridCustomDataProviderDataShapingCommand.LoadCountAsync(CancellationToken cancellationToken)
   at DevExpress.Blazor.Internal.GridCustomDataProviderDataShapingCommand.ExecuteCoreAsync(CancellationToken cancellationToken)
   at DevExpress.Blazor.Internal.GridCustomDataProviderCommandBase.Execute(Action`1 managerCompletedCallback)
   at DevExpress.Blazor.DxGrid.ThrowCaughtAsyncException()
   at DevExpress.Blazor.DxGrid.BuildRenderTree(RenderTreeBuilder __builder)
   at Microsoft.AspNetCore.Components.Rendering.ComponentState.RenderIntoBatch(RenderBatchBuilder batchBuilder, RenderFragment renderFragment, Exception& renderFragmentException)
2023-08-01T17:52:20.5383693-05:00 [Thread:20] [WRN] (Microsoft.AspNetCore.Components.Server.Circuits.RemoteRenderer) Unhandled exception rendering component: "Cannot access a disposed object."
System.ObjectDisposedException: Cannot access a disposed object.
   at Microsoft.AspNetCore.Components.RenderTree.ArrayBuilder`1.GrowBuffer(Int32 desiredCapacity)
   at Microsoft.AspNetCore.Components.Rendering.ComponentState.RenderIntoBatch(RenderBatchBuilder batchBuilder, RenderFragment renderFragment, Exception& renderFragmentException)
   at Microsoft.AspNetCore.Components.RenderTree.Renderer.ProcessRenderQueue()
2023-08-01T17:52:20.5403527-05:00 [Thread:20] [ERR] (Microsoft.AspNetCore.Components.Server.Circuits.CircuitHost) Unhandled exception in circuit '"ZhbLznneasxsFfFFOJavFelS_SdL6WwhGoR87agdU48"'.
System.ObjectDisposedException: Cannot access a disposed object.
   at Microsoft.AspNetCore.Components.RenderTree.ArrayBuilder`1.GrowBuffer(Int32 desiredCapacity)
   at Microsoft.AspNetCore.Components.Rendering.ComponentState.RenderIntoBatch(RenderBatchBuilder batchBuilder, RenderFragment renderFragment, Exception& renderFragmentException)
   at Microsoft.AspNetCore.Components.RenderTree.Renderer.ProcessRenderQueue()
2023-08-01T17:58:52.3976401-05:00 [Thread:21] [WRN] (Microsoft.AspNetCore.Components.Server.Circuits.RemoteRenderer) Unhandled exception rendering component: "{\"type\":\"https://tools.ietf.org/html/rfc7231#section-6.5.13\",\"title\":\"Unsupported Media Type\",\"status\":415,\"traceId\":\"00-8fefede6bc0e198fa24b47e0dfc6276c-3920c8b61739afbb-00\"}"
System.Exception: {"type":"https://tools.ietf.org/html/rfc7231#section-6.5.13","title":"Unsupported Media Type","status":415,"traceId":"00-8fefede6bc0e198fa24b47e0dfc6276c-3920c8b61739afbb-00"}
   at HL.Proxy.Api.Utils.ValidateRequest(HttpResponseMessage response) in F:\GitLab\Enigma\vur\MicroServices\HL.Proxy.Api\Utils.cs:line 13
   at HL.Proxy.Api.GeneralProxy`1.RemoveAsync(Expression`1 predicate) in F:\GitLab\Enigma\vur\MicroServices\HL.Proxy.Api\GeneralProxy.cs:line 120
   at HL.Proxy.Api.GeneralProxy`1.<>c__DisplayClass13_0.<<Remove>b__0>d.MoveNext() in F:\GitLab\Enigma\vur\MicroServices\HL.Proxy.Api\GeneralProxy.cs:line 108
--- End of stack trace from previous location ---
   at HL.Proxy.Api.GeneralProxy`1.Remove(T predicate)
   at HL.Security.ViewModels.CommonLanguageViewModel.GridCommonLanguageResourceDataItemDeleting(GridDataItemDeletingEventArgs e) in F:\GitLab\Enigma\vur\MicroServices\HL.Security\ViewModels\CommonLanguageViewModel.cs:line 73
   at Microsoft.AspNetCore.Components.ComponentBase.CallStateHasChangedOnAsyncCompletion(Task task)
   at DevExpress.Blazor.Internal.GridUtils.WaitOrCancel(Task task, CancellationToken token)
   at DevExpress.Blazor.Internal.GridEditHelper.DeleteAsync(Object dataItem)
   at DevExpress.Blazor.Internal.GridUIHandlers.ConfirmDeleteDialog_YesButton_ClickAsync()
   at DevExpress.Blazor.Internal.GridConfirmDeleteDialog.OnYesButtonClickAsync()
   at DevExpress.Blazor.Internal.DxButtonInternal.DoClick(MouseEventArgs mouseArgs)
   at Microsoft.AspNetCore.Components.ComponentBase.CallStateHasChangedOnAsyncCompletion(Task task)
   at Microsoft.AspNetCore.Components.RenderTree.Renderer.GetErrorHandledTask(Task taskToHandle, ComponentState owningComponentState)
2023-08-01T17:58:52.4930014-05:00 [Thread:21] [ERR] (Microsoft.AspNetCore.Components.Server.Circuits.CircuitHost) Unhandled exception in circuit '"tNklrPtRMf2-z3ILgGfsr5tP2yAAeTNNH63bh06n5zc"'.
System.Exception: {"type":"https://tools.ietf.org/html/rfc7231#section-6.5.13","title":"Unsupported Media Type","status":415,"traceId":"00-8fefede6bc0e198fa24b47e0dfc6276c-3920c8b61739afbb-00"}
   at HL.Proxy.Api.Utils.ValidateRequest(HttpResponseMessage response) in F:\GitLab\Enigma\vur\MicroServices\HL.Proxy.Api\Utils.cs:line 13
   at HL.Proxy.Api.GeneralProxy`1.RemoveAsync(Expression`1 predicate) in F:\GitLab\Enigma\vur\MicroServices\HL.Proxy.Api\GeneralProxy.cs:line 120
   at HL.Proxy.Api.GeneralProxy`1.<>c__DisplayClass13_0.<<Remove>b__0>d.MoveNext() in F:\GitLab\Enigma\vur\MicroServices\HL.Proxy.Api\GeneralProxy.cs:line 108
--- End of stack trace from previous location ---
   at HL.Proxy.Api.GeneralProxy`1.Remove(T predicate)
   at HL.Security.ViewModels.CommonLanguageViewModel.GridCommonLanguageResourceDataItemDeleting(GridDataItemDeletingEventArgs e) in F:\GitLab\Enigma\vur\MicroServices\HL.Security\ViewModels\CommonLanguageViewModel.cs:line 73
   at Microsoft.AspNetCore.Components.ComponentBase.CallStateHasChangedOnAsyncCompletion(Task task)
   at DevExpress.Blazor.Internal.GridUtils.WaitOrCancel(Task task, CancellationToken token)
   at DevExpress.Blazor.Internal.GridEditHelper.DeleteAsync(Object dataItem)
   at DevExpress.Blazor.Internal.GridUIHandlers.ConfirmDeleteDialog_YesButton_ClickAsync()
   at DevExpress.Blazor.Internal.GridConfirmDeleteDialog.OnYesButtonClickAsync()
   at DevExpress.Blazor.Internal.DxButtonInternal.DoClick(MouseEventArgs mouseArgs)
   at Microsoft.AspNetCore.Components.ComponentBase.CallStateHasChangedOnAsyncCompletion(Task task)
   at Microsoft.AspNetCore.Components.RenderTree.Renderer.GetErrorHandledTask(Task taskToHandle, ComponentState owningComponentState)
2023-08-01T18:05:45.7871959-05:00 [Thread:24] [WRN] (Microsoft.AspNetCore.Components.Server.Circuits.RemoteRenderer) Unhandled exception rendering component: "{\"type\":\"https://tools.ietf.org/html/rfc7231#section-6.5.13\",\"title\":\"Unsupported Media Type\",\"status\":415,\"traceId\":\"00-21ee6ce0adac179145d350e7a4ac74e0-cdc3a998bad29d84-00\"}"
System.Exception: {"type":"https://tools.ietf.org/html/rfc7231#section-6.5.13","title":"Unsupported Media Type","status":415,"traceId":"00-21ee6ce0adac179145d350e7a4ac74e0-cdc3a998bad29d84-00"}
   at HL.Proxy.Api.Utils.ValidateRequest(HttpResponseMessage response) in F:\GitLab\Enigma\vur\MicroServices\HL.Proxy.Api\Utils.cs:line 13
   at HL.Proxy.Api.GeneralProxy`1.RemoveAsync(T data) in F:\GitLab\Enigma\vur\MicroServices\HL.Proxy.Api\GeneralProxy.cs:line 115
   at HL.Proxy.Api.GeneralProxy`1.<>c__DisplayClass13_0.<<Remove>b__0>d.MoveNext() in F:\GitLab\Enigma\vur\MicroServices\HL.Proxy.Api\GeneralProxy.cs:line 108
--- End of stack trace from previous location ---
   at HL.Proxy.Api.GeneralProxy`1.Remove(T data)
   at HL.Security.ViewModels.CommonLanguageViewModel.GridCommonLanguageResourceDataItemDeleting(GridDataItemDeletingEventArgs e) in F:\GitLab\Enigma\vur\MicroServices\HL.Security\ViewModels\CommonLanguageViewModel.cs:line 73
   at Microsoft.AspNetCore.Components.ComponentBase.CallStateHasChangedOnAsyncCompletion(Task task)
   at DevExpress.Blazor.Internal.GridUtils.WaitOrCancel(Task task, CancellationToken token)
   at DevExpress.Blazor.Internal.GridEditHelper.DeleteAsync(Object dataItem)
   at DevExpress.Blazor.Internal.GridUIHandlers.ConfirmDeleteDialog_YesButton_ClickAsync()
   at DevExpress.Blazor.Internal.GridConfirmDeleteDialog.OnYesButtonClickAsync()
   at DevExpress.Blazor.Internal.DxButtonInternal.DoClick(MouseEventArgs mouseArgs)
   at Microsoft.AspNetCore.Components.ComponentBase.CallStateHasChangedOnAsyncCompletion(Task task)
   at Microsoft.AspNetCore.Components.RenderTree.Renderer.GetErrorHandledTask(Task taskToHandle, ComponentState owningComponentState)
2023-08-01T18:05:45.8470876-05:00 [Thread:24] [ERR] (Microsoft.AspNetCore.Components.Server.Circuits.CircuitHost) Unhandled exception in circuit '"luuod4H2SalINUEsByBjHHTxa3UAEEe1ZolbzekJQmg"'.
System.Exception: {"type":"https://tools.ietf.org/html/rfc7231#section-6.5.13","title":"Unsupported Media Type","status":415,"traceId":"00-21ee6ce0adac179145d350e7a4ac74e0-cdc3a998bad29d84-00"}
   at HL.Proxy.Api.Utils.ValidateRequest(HttpResponseMessage response) in F:\GitLab\Enigma\vur\MicroServices\HL.Proxy.Api\Utils.cs:line 13
   at HL.Proxy.Api.GeneralProxy`1.RemoveAsync(T data) in F:\GitLab\Enigma\vur\MicroServices\HL.Proxy.Api\GeneralProxy.cs:line 115
   at HL.Proxy.Api.GeneralProxy`1.<>c__DisplayClass13_0.<<Remove>b__0>d.MoveNext() in F:\GitLab\Enigma\vur\MicroServices\HL.Proxy.Api\GeneralProxy.cs:line 108
--- End of stack trace from previous location ---
   at HL.Proxy.Api.GeneralProxy`1.Remove(T data)
   at HL.Security.ViewModels.CommonLanguageViewModel.GridCommonLanguageResourceDataItemDeleting(GridDataItemDeletingEventArgs e) in F:\GitLab\Enigma\vur\MicroServices\HL.Security\ViewModels\CommonLanguageViewModel.cs:line 73
   at Microsoft.AspNetCore.Components.ComponentBase.CallStateHasChangedOnAsyncCompletion(Task task)
   at DevExpress.Blazor.Internal.GridUtils.WaitOrCancel(Task task, CancellationToken token)
   at DevExpress.Blazor.Internal.GridEditHelper.DeleteAsync(Object dataItem)
   at DevExpress.Blazor.Internal.GridUIHandlers.ConfirmDeleteDialog_YesButton_ClickAsync()
   at DevExpress.Blazor.Internal.GridConfirmDeleteDialog.OnYesButtonClickAsync()
   at DevExpress.Blazor.Internal.DxButtonInternal.DoClick(MouseEventArgs mouseArgs)
   at Microsoft.AspNetCore.Components.ComponentBase.CallStateHasChangedOnAsyncCompletion(Task task)
   at Microsoft.AspNetCore.Components.RenderTree.Renderer.GetErrorHandledTask(Task taskToHandle, ComponentState owningComponentState)
